#0 building with "desktop-linux" instance using docker driver

#1 [internal] load .dockerignore
#1 transferring context: 2B done
#1 DONE 0.0s

#2 [internal] load build definition from Dockerfile
#2 transferring dockerfile: 986B done
#2 DONE 0.0s

#3 [internal] load metadata for docker.io/bioconductor/bioconductor_docker:RELEASE_3_14
#3 ...

#4 [auth] bioconductor/bioconductor_docker:pull token for registry-1.docker.io
#4 DONE 0.0s

#3 [internal] load metadata for docker.io/bioconductor/bioconductor_docker:RELEASE_3_14
#3 DONE 4.4s

#5 [ 1/12] FROM docker.io/bioconductor/bioconductor_docker:RELEASE_3_14@sha256:432247fd1c323b649db4edc28dedf1684c4eefdb3f0d83fb246daacadce38328
#5 DONE 0.0s

#6 [internal] load build context
#6 transferring context: 23.34MB 0.5s
#6 transferring context: 119.28MB 2.1s done
#6 DONE 2.2s

#7 [ 9/12] COPY purple-4.0-jar-with-dependencies.jar purple.jar
#7 CACHED

#8 [ 6/12] RUN R -e 'BiocManager::install(c("cowplot"))'
#8 CACHED

#9 [ 2/12] WORKDIR /app
#9 CACHED

#10 [ 3/12] RUN apt-get update && apt-get install -y default-jre python3 python3-pip wget maven git circos && apt-get clean && rm -rf /var/lib/apt/lists/*
#10 CACHED

#11 [ 4/12] RUN R -e 'BiocManager::install(c("tidyverse", "VariantAnnotation", "copynumber"))'
#11 CACHED

#12 [ 7/12] COPY amber-4.0-jar-with-dependencies.jar amber.jar
#12 CACHED

#13 [ 8/12] COPY cobalt-1.16.0-jar-with-dependencies.jar cobalt.jar
#13 CACHED

#14 [ 5/12] RUN git clone https://github.com/hartwigmedical/hmftools.git
#14 CACHED

#15 [11/12] COPY circos-0.69-9.tgz circos-0.69-9.tgz
#15 CACHED

#16 [10/12] COPY process_clairS_VCF.sh process_clairS_VCF.sh
#16 CACHED

#17 [12/12] RUN tar -xzf circos-0.69-9.tgz && mkdir /usr/bin/etc/ && cp -r circos-0.69-9/data /usr/bin/etc/ && ln -s /etc/circos/* /usr/bin/etc/ && cp -r circos-0.69-9/error /usr/bin/
#17 CACHED

#18 exporting to image
#18 exporting layers done
#18 writing image sha256:864d4a0fff67e6dc25e7d0fc290f7ea084e314f17634424f6e49997b0a218e8c 0.0s done
#18 naming to docker.io/pacbio/purple:v4.0 0.0s done
#18 DONE 0.0s
